<?xml version="1.0" encoding="UTF-8"?>
<!-- Generated by org.testng.reporters.JUnitReportReporter -->
<testsuite hostname="AUTOMATIONTEST" failures="0" tests="2" name="testRunner.RunnerTestFireClassIQuotation" time="214.820" errors="0" timestamp="4 Jul 2024 10:39:22 GMT">
  <testcase classname="testRunner.RunnerTestFireClassIQuotation" name="runScenario" time="82.471"/>
  <testcase classname="testRunner.RunnerTestFireClassIQuotation" name="runScenario" time="132.349"/>
</testsuite> <!-- testRunner.RunnerTestFireClassIQuotation -->
