<?xml version="1.0" encoding="UTF-8"?>
<!-- Generated by org.testng.reporters.JUnitReportReporter -->
<testsuite hostname="AUTOMATIONTEST" failures="0" tests="1" name="testRunner.RunnerTestMedicalQuotation" time="76.512" errors="0" timestamp="2 Aug 2024 12:20:29 GMT">
  <testcase classname="testRunner.RunnerTestMedicalQuotation" name="runScenario" time="76.512"/>
</testsuite> <!-- testRunner.RunnerTestMedicalQuotation -->
