<?xml version="1.0" encoding="UTF-8"?>
<!-- Generated by org.testng.reporters.JUnitReportReporter -->
<testsuite hostname="AUTOMATIONTEST" failures="0" tests="1" name="testRunner.RunnerTestBondsQuotation" time="139.721" errors="0" timestamp="9 Jul 2024 14:05:39 GMT">
  <testcase classname="testRunner.RunnerTestBondsQuotation" name="runScenario" time="139.721"/>
</testsuite> <!-- testRunner.RunnerTestBondsQuotation -->
