<?xml version="1.0" encoding="UTF-8"?>
<!-- Generated by org.testng.reporters.JUnitReportReporter -->
<testsuite hostname="AUTOMATIONTEST" failures="0" tests="1" name="testRunner.RunnerTestClaims" time="69.384" errors="0" timestamp="6 Aug 2024 09:18:02 GMT">
  <testcase classname="testRunner.RunnerTestClaims" name="runScenario" time="69.384"/>
</testsuite> <!-- testRunner.RunnerTestClaims -->
