<?xml version="1.0" encoding="UTF-8"?>
<!-- Generated by org.testng.reporters.JUnitReportReporter -->
<testsuite hostname="AUTOMATIONTEST" failures="0" tests="1" name="testRunner.RunnerTestBurglaryQuotation" time="111.529" errors="0" timestamp="10 Jul 2024 09:35:33 GMT">
  <testcase classname="testRunner.RunnerTestBurglaryQuotation" name="runScenario" time="111.529"/>
</testsuite> <!-- testRunner.RunnerTestBurglaryQuotation -->
