<?xml version="1.0" encoding="UTF-8"?>
<!-- Generated by org.testng.reporters.JUnitReportReporter -->
<testsuite hostname="AUTOMATIONTEST" failures="0" tests="1" name="testRunner.RunnerTestReports" time="46.065" errors="0" timestamp="18 Jul 2024 06:29:03 GMT">
  <testcase classname="testRunner.RunnerTestReports" name="runScenario" time="46.065"/>
</testsuite> <!-- testRunner.RunnerTestReports -->
