<?xml version="1.0" encoding="UTF-8"?>
<!-- Generated by org.testng.reporters.JUnitReportReporter -->
<testsuite hostname="AUTOMATIONTEST" failures="0" tests="1" name="testRunner.RunnerTestVehicleQuotation" time="141.485" errors="0" timestamp="5 Jul 2024 12:19:23 GMT">
  <testcase classname="testRunner.RunnerTestVehicleQuotation" name="runScenario" time="141.485"/>
</testsuite> <!-- testRunner.RunnerTestVehicleQuotation -->
