<?xml version="1.0" encoding="UTF-8"?>
<!-- Generated by org.testng.reporters.JUnitReportReporter -->
<testsuite hostname="AUTOMATIONTEST" failures="0" tests="1" name="testRunner.RunnerTestAccidentalDamageQuotation" time="133.152" errors="0" timestamp="10 Jul 2024 07:01:58 GMT">
  <testcase classname="testRunner.RunnerTestAccidentalDamageQuotation" name="runScenario" time="133.152"/>
</testsuite> <!-- testRunner.RunnerTestAccidentalDamageQuotation -->
