<?xml version="1.0" encoding="UTF-8"?>
<!-- Generated by org.testng.reporters.JUnitReportReporter -->
<testsuite hostname="AUTOMATIONTEST" failures="0" tests="1" name="testRunner.RunnerTestGATravelInsuranceQuotation" time="138.912" errors="0" timestamp="4 Jul 2024 11:09:41 GMT">
  <testcase classname="testRunner.RunnerTestGATravelInsuranceQuotation" name="runScenario" time="138.912"/>
</testsuite> <!-- testRunner.RunnerTestGATravelInsuranceQuotation -->
