<?xml version="1.0" encoding="UTF-8"?>
<!-- Generated by org.testng.reporters.JUnitReportReporter -->
<testsuite hostname="AUTOMATIONTEST" failures="0" tests="1" name="testRunner.RunnerTestEduCareLifeInsuranceQuotation" time="126.126" errors="0" timestamp="4 Jul 2024 09:42:33 GMT">
  <testcase classname="testRunner.RunnerTestEduCareLifeInsuranceQuotation" name="runScenario" time="126.126"/>
</testsuite> <!-- testRunner.RunnerTestEduCareLifeInsuranceQuotation -->
