<?xml version="1.0" encoding="UTF-8"?>
<!-- Generated by org.testng.reporters.JUnitReportReporter -->
<testsuite hostname="AUTOMATIONTEST" failures="0" tests="2" name="testRunner.RunnerTestBurglaryQuotation" time="260.240" errors="0" timestamp="4 Jul 2024 07:24:58 GMT">
  <testcase classname="testRunner.RunnerTestBurglaryQuotation" name="runScenario" time="150.946"/>
  <testcase classname="testRunner.RunnerTestBurglaryQuotation" name="runScenario" time="109.294"/>
</testsuite> <!-- testRunner.RunnerTestBurglaryQuotation -->
