<?xml version="1.0" encoding="UTF-8"?>
<!-- Generated by org.testng.reporters.JUnitReportReporter -->
<testsuite hostname="AUTOMATIONTEST" failures="0" tests="1" name="testRunner.RunnerTestFidelityQuotation" time="86.349" errors="0" timestamp="10 Jul 2024 09:42:44 GMT">
  <testcase classname="testRunner.RunnerTestFidelityQuotation" name="runScenario" time="86.349"/>
</testsuite> <!-- testRunner.RunnerTestFidelityQuotation -->
