<?xml version="1.0" encoding="UTF-8"?>
<!-- Generated by org.testng.reporters.JUnitReportReporter -->
<testsuite hostname="AUTOMATIONTEST" failures="0" tests="1" name="testRunner.RunnerTestVehicleQuotation" time="142.375" errors="0" timestamp="2 Aug 2024 13:50:00 GMT">
  <testcase classname="testRunner.RunnerTestVehicleQuotation" name="runScenario" time="142.375"/>
</testsuite> <!-- testRunner.RunnerTestVehicleQuotation -->
