<?xml version="1.0" encoding="UTF-8"?>
<!-- Generated by org.testng.reporters.JUnitReportReporter -->
<testsuite hostname="AUTOMATIONTEST" failures="0" tests="1" name="testRunner.RunnerTestMoneyInsuranceQuotation" time="143.284" errors="0" timestamp="2 Aug 2024 12:58:24 GMT">
  <testcase classname="testRunner.RunnerTestMoneyInsuranceQuotation" name="runScenario" time="143.284"/>
</testsuite> <!-- testRunner.RunnerTestMoneyInsuranceQuotation -->
