<?xml version="1.0" encoding="UTF-8"?>
<!-- Generated by org.testng.reporters.JUnitReportReporter -->
<testsuite hostname="ITL_TESTER" failures="0" tests="2" name="testRunner.RunnerTestMoneyInsuranceQuotation" time="383.287" errors="0" timestamp="2024-04-22T13:12:51 IST" skipped="0">
  <testcase classname="testRunner.RunnerTestMoneyInsuranceQuotation" name="runScenario" time="197.127"/>
  <testcase classname="testRunner.RunnerTestMoneyInsuranceQuotation" name="runScenario" time="186.160"/>
</testsuite> <!-- testRunner.RunnerTestMoneyInsuranceQuotation -->
