<?xml version="1.0" encoding="UTF-8"?>
<!-- Generated by org.testng.reporters.JUnitReportReporter -->
<testsuite hostname="ITL_TESTER" failures="0" tests="1" name="testRunner.RunnerTestAccidentalDamageQuotation" time="275.025" errors="0" timestamp="2024-03-26T14:43:26 IST" skipped="0">
  <testcase classname="testRunner.RunnerTestAccidentalDamageQuotation" name="runScenario" time="275.025"/>
</testsuite> <!-- testRunner.RunnerTestAccidentalDamageQuotation -->
