<?xml version="1.0" encoding="UTF-8"?>
<!-- Generated by org.testng.reporters.JUnitReportReporter -->
<testsuite hostname="AUTOMATIONTEST" failures="0" tests="1" name="testRunner.RunnerTestMoneyInsuranceQuotation" time="68.258" errors="0" timestamp="2024-05-28T16:59:31 EAT" skipped="0">
  <testcase classname="testRunner.RunnerTestMoneyInsuranceQuotation" name="runScenario" time="68.258"/>
</testsuite> <!-- testRunner.RunnerTestMoneyInsuranceQuotation -->
