<?xml version="1.0" encoding="UTF-8"?>
<!-- Generated by org.testng.reporters.JUnitReportReporter -->
<testsuite hostname="AUTOMATIONTEST" failures="0" tests="1" name="testRunner.RunnerTestGroupLifeQuotation" time="261.311" errors="0" timestamp="2 Aug 2024 11:53:10 GMT">
  <testcase classname="testRunner.RunnerTestGroupLifeQuotation" name="runScenario" time="261.311"/>
</testsuite> <!-- testRunner.RunnerTestGroupLifeQuotation -->
