<?xml version="1.0" encoding="UTF-8"?>
<!-- Generated by org.testng.reporters.JUnitReportReporter -->
<testsuite hostname="AUTOMATIONTEST" failures="0" tests="1" name="testRunner.RunnerTestAccidentalDamageQuotation" time="127.873" errors="0" timestamp="4 Jul 2024 06:12:19 GMT">
  <testcase classname="testRunner.RunnerTestAccidentalDamageQuotation" name="runScenario" time="127.873"/>
</testsuite> <!-- testRunner.RunnerTestAccidentalDamageQuotation -->
