<?xml version="1.0" encoding="UTF-8"?>
<!-- Generated by org.testng.reporters.JUnitReportReporter -->
<testsuite hostname="AUTOMATIONTEST" failures="0" tests="1" name="testRunner.RunnerTestFireClassIQuotation" time="143.959" errors="0" timestamp="2 Aug 2024 11:08:29 GMT">
  <testcase classname="testRunner.RunnerTestFireClassIQuotation" name="runScenario" time="143.959"/>
</testsuite> <!-- testRunner.RunnerTestFireClassIQuotation -->
