<?xml version="1.0" encoding="UTF-8"?>
<!-- Generated by org.testng.reporters.JUnitReportReporter -->
<testsuite hostname="AUTOMATIONTEST" failures="0" tests="1" name="testRunner.RunnerTestClientDetails" time="189.006" errors="0" timestamp="5 Jul 2024 13:02:36 GMT">
  <testcase classname="testRunner.RunnerTestClientDetails" name="runScenario" time="189.006"/>
</testsuite> <!-- testRunner.RunnerTestClientDetails -->
