<?xml version="1.0" encoding="UTF-8"?>
<!-- Generated by org.testng.reporters.JUnitReportReporter -->
<testsuite hostname="AUTOMATIONTEST" failures="0" tests="2" name="testRunner.RunnerTestPackagePolicyQuotation" time="363.573" errors="0" timestamp="5 Jul 2024 10:34:41 GMT">
  <testcase classname="testRunner.RunnerTestPackagePolicyQuotation" name="runScenario" time="241.315"/>
  <testcase classname="testRunner.RunnerTestPackagePolicyQuotation" name="runScenario" time="122.258"/>
</testsuite> <!-- testRunner.RunnerTestPackagePolicyQuotation -->
