<?xml version="1.0" encoding="UTF-8"?>
<!-- Generated by org.testng.reporters.JUnitReportReporter -->
<testsuite hostname="AUTOMATIONTEST" failures="0" tests="2" name="testRunner.RunnerTestPensionQuotation" time="184.440" errors="0" timestamp="5 Jul 2024 10:40:21 GMT">
  <testcase classname="testRunner.RunnerTestPensionQuotation" name="runScenario" time="73.490"/>
  <testcase classname="testRunner.RunnerTestPensionQuotation" name="runScenario" time="110.950"/>
</testsuite> <!-- testRunner.RunnerTestPensionQuotation -->
