<?xml version="1.0" encoding="UTF-8"?>
<!-- Generated by org.testng.reporters.JUnitReportReporter -->
<testsuite hostname="ITL_TESTER" failures="0" tests="1" name="testRunner.RunnerTest1" time="100.787" errors="0" timestamp="2024-03-25T19:23:53 IST" skipped="0">
  <testcase classname="testRunner.RunnerTest1" name="runScenario" time="100.787"/>
</testsuite> <!-- testRunner.RunnerTest1 -->
