<?xml version="1.0" encoding="UTF-8"?>
<!-- Generated by org.testng.reporters.JUnitReportReporter -->
<testsuite hostname="AUTOMATIONTEST" failures="0" tests="1" name="testRunner.RunnerTestMoneyInsuranceQuotation" time="106.357" errors="0" timestamp="9 Jul 2024 13:55:55 GMT">
  <testcase classname="testRunner.RunnerTestMoneyInsuranceQuotation" name="runScenario" time="106.357"/>
</testsuite> <!-- testRunner.RunnerTestMoneyInsuranceQuotation -->
