<?xml version="1.0" encoding="UTF-8"?>
<!-- Generated by org.testng.reporters.JUnitReportReporter -->
<testsuite hostname="AUTOMATIONTEST" failures="0" tests="1" name="testRunner.RunnerTestGATravelInsuranceQuotation" time="129.845" errors="0" timestamp="2 Aug 2024 11:32:26 GMT">
  <testcase classname="testRunner.RunnerTestGATravelInsuranceQuotation" name="runScenario" time="129.845"/>
</testsuite> <!-- testRunner.RunnerTestGATravelInsuranceQuotation -->
