<?xml version="1.0" encoding="UTF-8"?>
<!-- Generated by org.testng.reporters.JUnitReportReporter -->
<testsuite hostname="AUTOMATIONTEST" failures="0" tests="1" name="testRunner.RunnerTestFireAndBurglaryQuotation" time="126.381" errors="0" timestamp="4 Jul 2024 10:20:43 GMT">
  <testcase classname="testRunner.RunnerTestFireAndBurglaryQuotation" name="runScenario" time="126.381"/>
</testsuite> <!-- testRunner.RunnerTestFireAndBurglaryQuotation -->
