<?xml version="1.0" encoding="UTF-8"?>
<!-- Generated by org.testng.reporters.JUnitReportReporter -->
<testsuite hostname="AUTOMATIONTEST" failures="0" tests="1" name="testRunner.RunnerTestPackagePolicyQuotation" time="155.332" errors="0" timestamp="2 Aug 2024 13:14:41 GMT">
  <testcase classname="testRunner.RunnerTestPackagePolicyQuotation" name="runScenario" time="155.332"/>
</testsuite> <!-- testRunner.RunnerTestPackagePolicyQuotation -->
