<?xml version="1.0" encoding="UTF-8"?>
<!-- Generated by org.testng.reporters.JUnitReportReporter -->
<testsuite hostname="AUTOMATIONTEST" failures="0" tests="1" name="testRunner.RunnerTestMoneyInsuranceQuotation" time="100.598" errors="0" timestamp="2024-04-30T10:46:21 EAT" skipped="0">
  <testcase classname="testRunner.RunnerTestMoneyInsuranceQuotation" name="runScenario" time="100.598"/>
</testsuite> <!-- testRunner.RunnerTestMoneyInsuranceQuotation -->
