<?xml version="1.0" encoding="UTF-8"?>
<!-- Generated by org.testng.reporters.JUnitReportReporter -->
<testsuite hostname="AUTOMATIONTEST" failures="0" tests="1" name="testRunner.RunnerTestBondsQuotation" time="94.213" errors="0" timestamp="10 Jul 2024 09:21:38 GMT">
  <testcase classname="testRunner.RunnerTestBondsQuotation" name="runScenario" time="94.213"/>
</testsuite> <!-- testRunner.RunnerTestBondsQuotation -->
