<?xml version="1.0" encoding="UTF-8"?>
<!-- Generated by org.testng.reporters.JUnitReportReporter -->
<testsuite hostname="AUTOMATIONTEST" failures="0" tests="2" name="testRunner.RunnerTestMedicalQuotation" time="236.116" errors="0" timestamp="5 Jul 2024 08:15:44 GMT">
  <testcase classname="testRunner.RunnerTestMedicalQuotation" name="runScenario" time="150.109"/>
  <testcase classname="testRunner.RunnerTestMedicalQuotation" name="runScenario" time="86.007"/>
</testsuite> <!-- testRunner.RunnerTestMedicalQuotation -->
