<?xml version="1.0" encoding="UTF-8"?>
<!-- Generated by org.testng.reporters.JUnitReportReporter -->
<testsuite hostname="AUTOMATIONTEST" failures="0" tests="2" name="testRunner.RunnerTestCreditLifeQuotation" time="280.417" errors="0" timestamp="4 Jul 2024 09:33:31 GMT">
  <testcase classname="testRunner.RunnerTestCreditLifeQuotation" name="runScenario" time="172.219"/>
  <testcase classname="testRunner.RunnerTestCreditLifeQuotation" name="runScenario" time="108.198"/>
</testsuite> <!-- testRunner.RunnerTestCreditLifeQuotation -->
