<?xml version="1.0" encoding="UTF-8"?>
<!-- Generated by org.testng.reporters.JUnitReportReporter -->
<testsuite hostname="AUTOMATIONTEST" failures="0" tests="1" name="testRunner.RunnerTestGroupLifeQuotation" time="273.162" errors="0" timestamp="4 Jul 2024 13:18:20 GMT">
  <testcase classname="testRunner.RunnerTestGroupLifeQuotation" name="runScenario" time="273.162"/>
</testsuite> <!-- testRunner.RunnerTestGroupLifeQuotation -->
