<?xml version="1.0" encoding="UTF-8"?>
<!-- Generated by org.testng.reporters.JUnitReportReporter -->
<testsuite hostname="AUTOMATIONTEST" failures="0" tests="1" name="testRunner.RunnerTestProvisionalBatchTaxInvoices" time="48.375" errors="1" timestamp="11 Jul 2024 13:53:27 GMT">
  <testcase classname="testRunner.RunnerTestProvisionalBatchTaxInvoices" name="runScenario" time="48.375">
    <error message="For input string: &quot;1,016,400.00&quot;" type="java.lang.NumberFormatException">
      <![CDATA[java.lang.NumberFormatException: For input string: "1,016,400.00"
	at java.base/java.lang.NumberFormatException.forInputString(NumberFormatException.java:67)
	at java.base/java.lang.Integer.parseInt(Integer.java:668)
	at java.base/java.lang.Integer.parseInt(Integer.java:786)
	at utility.SeleniumOperations.CalculateSumOfColumn(SeleniumOperations.java:709)
	at cucumberMap22ProvisionalBatchTaxInvoices.ProvisionalBatchTaxInvoices.user_click_on_fetch_button(ProvisionalBatchTaxInvoices.java:53)
	at âœ½.user click on fetch button(file:///C:/Users/Administrator/git/SmartPolicyBrokerPortal_TestAutomation/SmartPolicy-(Demo-Tanzania)BrokerPortal/src/test/resources/ProvisionalBatchTaxInvoices/ProvisionalBatchTaxInvoices.feature:15)
]]>
    </error>
  </testcase> <!-- runScenario -->
</testsuite> <!-- testRunner.RunnerTestProvisionalBatchTaxInvoices -->
