<?xml version="1.0" encoding="UTF-8"?>
<!-- Generated by org.testng.reporters.JUnitReportReporter -->
<testsuite hostname="AUTOMATIONTEST" failures="0" tests="1" name="testRunner.RunnerTestPensionQuotation" time="109.201" errors="0" timestamp="2 Aug 2024 13:26:09 GMT">
  <testcase classname="testRunner.RunnerTestPensionQuotation" name="runScenario" time="109.201"/>
</testsuite> <!-- testRunner.RunnerTestPensionQuotation -->
