<?xml version="1.0" encoding="UTF-8"?>
<!-- Generated by org.testng.reporters.JUnitReportReporter -->
<testsuite hostname="AUTOMATIONTEST" failures="0" tests="1" name="testRunner.RunnerTestMoneyInsuranceQuotation" time="184.137" errors="0" timestamp="2024-04-26T13:20:43 EAT" skipped="0">
  <testcase classname="testRunner.RunnerTestMoneyInsuranceQuotation" name="runScenario" time="184.137"/>
</testsuite> <!-- testRunner.RunnerTestMoneyInsuranceQuotation -->
