<?xml version="1.0" encoding="UTF-8"?>
<!-- Generated by org.testng.reporters.JUnitReportReporter -->
<testsuite hostname="AUTOMATIONTEST" failures="0" tests="1" name="testRunner.RunnerTestMoneyInsuranceQuotation" time="64.622" errors="1" timestamp="2024-05-15T09:09:02 EAT" skipped="0">
  <testcase classname="testRunner.RunnerTestMoneyInsuranceQuotation" name="runScenario" time="64.622">
    <error message="TODO: implement me" type="io.cucumber.java.PendingException">
      <![CDATA[io.cucumber.java.PendingException: TODO: implement me
at cucumberMap21Reports.Reports.user_select_as_monthly(Reports.java:3063)
at âœ½.user select "January" as monthly(file:///C:/Users/Administrator/git/SmartPolicyBrokerPortal_TestAutomation/SmartPolicy-(Demo-Tanzania)BrokerPortal/src/test/resources/Reports/Report.feature:1810)
]]>
    </error>
  </testcase> <!-- runScenario -->
</testsuite> <!-- testRunner.RunnerTestMoneyInsuranceQuotation -->
