<?xml version="1.0" encoding="UTF-8"?>
<!-- Generated by org.testng.reporters.JUnitReportReporter -->
<testsuite hostname="AUTOMATIONTEST" failures="0" tests="1" name="testRunner.RunnerTestFireAndBurglaryQuotation" time="154.773" errors="0" timestamp="11 Jul 2024 07:25:46 GMT">
  <testcase classname="testRunner.RunnerTestFireAndBurglaryQuotation" name="runScenario" time="154.773"/>
</testsuite> <!-- testRunner.RunnerTestFireAndBurglaryQuotation -->
