<?xml version="1.0" encoding="UTF-8"?>
<<<<<<< HEAD
<!-- Generated by org.testng.reporters.JUnitReportReporter -->
<testsuite hostname="AUTOMATIONTEST" failures="0" tests="1" name="testRunner.RunnerTestMoneyInsuranceQuotation" time="68.258" errors="0" timestamp="2024-05-28T16:59:31 EAT" skipped="0">
  <testcase classname="testRunner.RunnerTestMoneyInsuranceQuotation" name="runScenario" time="68.258"/>
=======
<!-- Generated by org.testng.reporters.JUnitReportReporter -->

<testsuite hostname="AUTOMATIONTEST" failures="0" tests="1" name="testRunner.RunnerTestMoneyInsuranceQuotation" time="100.598" errors="0" timestamp="2024-04-30T10:46:21 EAT" skipped="0">
  <testcase classname="testRunner.RunnerTestMoneyInsuranceQuotation" name="runScenario" time="100.598"/>

<testsuite hostname="AUTOMATIONTEST" failures="0" tests="1" name="testRunner.RunnerTestMoneyInsuranceQuotation" time="51.270" errors="0" timestamp="2024-04-26T11:48:38 EAT" skipped="0">
  <testcase classname="testRunner.RunnerTestMoneyInsuranceQuotation" name="runScenario" time="51.270"/>

>>>>>>> branch 'Development' of https://github.com/imatictz/SmartPolicyBrokerPortal_TestAutomation.git
</testsuite> <!-- testRunner.RunnerTestMoneyInsuranceQuotation -->
