<?xml version="1.0" encoding="UTF-8"?>
<!-- Generated by org.testng.reporters.JUnitReportReporter -->
<testsuite hostname="AUTOMATIONTEST" failures="0" tests="1" name="testRunner.RunnerTestPayment" time="47.138" errors="0" timestamp="5 Jul 2024 12:21:26 GMT">
  <testcase classname="testRunner.RunnerTestPayment" name="runScenario" time="47.138"/>
</testsuite> <!-- testRunner.RunnerTestPayment -->
