<?xml version="1.0" encoding="UTF-8"?>
<!-- Generated by org.testng.reporters.JUnitReportReporter -->
<testsuite hostname="AUTOMATIONTEST" failures="0" tests="2" name="testRunner.RunnerTestFidelityQuotation" time="185.677" errors="0" timestamp="4 Jul 2024 10:03:50 GMT">
  <testcase classname="testRunner.RunnerTestFidelityQuotation" name="runScenario" time="73.887"/>
  <testcase classname="testRunner.RunnerTestFidelityQuotation" name="runScenario" time="111.790"/>
</testsuite> <!-- testRunner.RunnerTestFidelityQuotation -->
